#
# A fatal error has been detected by the Java Runtime Environment:
#
#  EXCEPTION_ACCESS_VIOLATION (0xc0000005) at pc=0x00007ffc68aba857, pid=8968, tid=6604
#
# JRE version: Java(TM) SE Runtime Environment (8.0_25-b18) (build 1.8.0_25-b18)
# Java VM: Java HotSpot(TM) 64-Bit Server VM (25.25-b02 mixed mode windows-amd64 compressed oops)
# Problematic frame:
# C  0x00007ffc68aba857
#
# Failed to write core dump. Minidumps are not enabled by default on client versions of Windows
#
# If you would like to submit a bug report, please visit:
#   http://bugreport.sun.com/bugreport/crash.jsp
# The crash happened outside the Java Virtual Machine in native code.
# See problematic frame for where to report the bug.
#

---------------  T H R E A D  ---------------

Current thread (0x0000024066f4e800):  JavaThread "AWT-EventQueue-1" [_thread_in_native, id=6604, stack(0x000000d2ddd00000,0x000000d2de200000)]

siginfo: ExceptionCode=0xc0000005, reading address 0x0000000000000018

Registers:
RAX=0x0000000000000000, RBX=0x000002400abeb390, RCX=0x000002408283b9e0, RDX=0x000000d2de1fd130
RSP=0x000000d2de1fcfe8, RBP=0x000000d2de1fd120, RSI=0x0000000000000001, RDI=0x00000240037992b0
R8 =0x000002408283b9e0, R9 =0x000000000000000a, R10=0x000002406710462f, R11=0x0000000072a62810
R12=0x0000000000000000, R13=0x000002400abeb390, R14=0x000000d2de1fd148, R15=0x0000024066f4e800
RIP=0x00007ffc68aba857, EFLAGS=0x0000000000010202

Top of Stack: (sp=0x000000d2de1fcfe8)
0x000000d2de1fcfe8:   00007ffc68bee40f 00000007bc9aab30
0x000000d2de1fcff8:   00000007bc9aaab8 00000007bc9aab18
0x000000d2de1fd008:   0000024068e45c0c 0000024066f4e9e8
0x000000d2de1fd018:   00000007bc9abd68 fffffffffffffffe
0x000000d2de1fd028:   000000d2de1fd030 0000000700849a80
0x000000d2de1fd038:   0000024068c3a390 00000007bc9abc38
0x000000d2de1fd048:   0000024067335b5d 000000d2de1fd130
0x000000d2de1fd058:   00000240685f6094 00000007bc9a9148
0x000000d2de1fd068:   00000007bc9abc20 00000007bc9abc20
0x000000d2de1fd078:   000000000000006b 00000007bc9a9148
0x000000d2de1fd088:   00000007bc9ab3d0 00000007036ac530
0x000000d2de1fd098:   000081e79be78ee5 00000007bc9abd68
0x000000d2de1fd0a8:   000002406710465b 00000007be1197e8
0x000000d2de1fd0b8:   00000240692de348 000000d2de1fd130
0x000000d2de1fd0c8:   00000240670f77b0 000000d2de1fd130
0x000000d2de1fd0d8:   00000240670f77b0 000000d2de1fd0e0 

Instructions: (pc=0x00007ffc68aba857)
0x00007ffc68aba837:   cc cc cc cc cc cc cc cc cc 48 8d 81 00 03 00 00
0x00007ffc68aba847:   c3 cc cc cc cc cc cc cc cc 48 8b 81 c0 02 00 00
0x00007ffc68aba857:   48 8b 40 18 c3 cc cc cc cc b8 a0 00 00 00 c3 cc
0x00007ffc68aba867:   cc cc cc cc cc cc cc cc cc b8 9d 00 00 00 c3 cc 


Register to memory mapping:

RAX=0x0000000000000000 is an unknown value
RBX={method} {0x000002400abeb398} 'HWDevice_getTarget' '(J)J' in 'ui/data/labtools/lthwdatai'
RCX=0x000002408283b9e0 is an unknown value
RDX=0x000000d2de1fd130 is pointing into the stack for thread: 0x0000024066f4e800
RSP=0x000000d2de1fcfe8 is pointing into the stack for thread: 0x0000024066f4e800
RBP=0x000000d2de1fd120 is pointing into the stack for thread: 0x0000024066f4e800
RSI=0x0000000000000001 is an unknown value
RDI=0x00000240037992b0 is pointing into metadata
R8 =0x000002408283b9e0 is an unknown value
R9 =0x000000000000000a is an unknown value
R10=0x000002406710462f is at code_begin+911 in an Interpreter codelet
method entry point (kind = native)  [0x00000240671042a0, 0x0000024067104cc0]  2592 bytes
R11=0x0000000072a62810 is an unknown value
R12=0x0000000000000000 is an unknown value
R13={method} {0x000002400abeb398} 'HWDevice_getTarget' '(J)J' in 'ui/data/labtools/lthwdatai'
R14=0x000000d2de1fd148 is pointing into the stack for thread: 0x0000024066f4e800
R15=0x0000024066f4e800 is a thread


Stack: [0x000000d2ddd00000,0x000000d2de200000],  sp=0x000000d2de1fcfe8,  free space=5107k
Native frames: (J=compiled Java code, j=interpreted, Vv=VM code, C=native code)
C  0x00007ffc68aba857

Java frames: (J=compiled Java code, j=interpreted, Vv=VM code)
j  ui.data.labtools.lthwdatai.HWDevice_getTarget(J)J+0
j  ui.data.labtools.a.bdh()Lui/data/labtools/l;+4
j  ui.views.b.m.x.aY()Z+13
J 11471 C2 ui.frmwork.c.dmN()Z (62 bytes) @ 0x0000024068bf6bd4 [0x0000024068bf6ac0+0x114]
j  ui.d.ap.dwa()V+522
j  ui.d.br.init()V+38
j  ui.d.br.<init>(Lui/views/cP;Ljava/util/Collection;)V+18
j  ui.d.ap.<init>(Lui/views/cP;Ljava/util/Collection;)V+3
j  ui.views.q.e.b(Ljavax/swing/JPopupMenu;)V+12
j  ui.b.b.B.mousePressed(Ljava/awt/event/MouseEvent;)V+97
J 10588 C1 java.awt.Component.processMouseEvent(Ljava/awt/event/MouseEvent;)V (100 bytes) @ 0x00000240676ca444 [0x00000240676c9fe0+0x464]
J 9938 C1 javax.swing.JComponent.processMouseEvent(Ljava/awt/event/MouseEvent;)V (27 bytes) @ 0x0000024068ee307c [0x0000024068ee2e60+0x21c]
J 11201 C2 java.awt.Container.processEvent(Ljava/awt/AWTEvent;)V (22 bytes) @ 0x000002406785eb18 [0x000002406785e9a0+0x178]
J 11199 C2 java.awt.Component.dispatchEventImpl(Ljava/awt/AWTEvent;)V (883 bytes) @ 0x0000024068d02ce8 [0x0000024068d02380+0x968]
J 11022 C2 java.awt.Container.dispatchEventImpl(Ljava/awt/AWTEvent;)V (129 bytes) @ 0x0000024067bfe584 [0x0000024067bfe520+0x64]
J 8556 C2 java.awt.LightweightDispatcher.retargetMouseEvent(Ljava/awt/Component;ILjava/awt/event/MouseEvent;)V (350 bytes) @ 0x0000024068a82900 [0x0000024068a82420+0x4e0]
J 10815 C2 java.awt.Window.dispatchEventImpl(Ljava/awt/AWTEvent;)V (23 bytes) @ 0x00000240691b8ae0 [0x00000240691b8580+0x560]
J 8189 C2 java.awt.EventQueue$3.run()Ljava/lang/Void; (60 bytes) @ 0x000002406897b330 [0x000002406897af20+0x410]
J 8190 C2 java.awt.EventQueue$3.run()Ljava/lang/Object; (5 bytes) @ 0x000002406873a8d4 [0x000002406873a8a0+0x34]
v  ~StubRoutines::call_stub
J 1630  java.security.AccessController.doPrivileged(Ljava/security/PrivilegedAction;Ljava/security/AccessControlContext;)Ljava/lang/Object; (0 bytes) @ 0x00000240676ab826 [0x00000240676ab7c0+0x66]
J 10004 C2 java.awt.EventQueue$4.run()Ljava/lang/Object; (5 bytes) @ 0x0000024068f12a3c [0x0000024068f12920+0x11c]
v  ~StubRoutines::call_stub
J 1630  java.security.AccessController.doPrivileged(Ljava/security/PrivilegedAction;Ljava/security/AccessControlContext;)Ljava/lang/Object; (0 bytes) @ 0x00000240676ab826 [0x00000240676ab7c0+0x66]
J 9943 C2 ui.frmwork.a.e.dispatchEvent(Ljava/awt/AWTEvent;)V (30 bytes) @ 0x0000024068ef4758 [0x0000024068ef2e20+0x1938]
J 10719 C2 java.awt.EventDispatchThread.pumpOneEventForFilters(I)V (295 bytes) @ 0x0000024068c3dcfc [0x0000024068c3d7e0+0x51c]
J 13793% C2 java.awt.EventDispatchThread.pumpEventsForFilter(ILjava/awt/Conditional;Ljava/awt/EventFilter;)V (47 bytes) @ 0x00000240698711cc [0x0000024069871080+0x14c]
j  java.awt.EventDispatchThread.pumpEventsForHierarchy(ILjava/awt/Conditional;Ljava/awt/Component;)V+11
j  java.awt.EventDispatchThread.pumpEvents(ILjava/awt/Conditional;)V+4
j  java.awt.EventDispatchThread.pumpEvents(Ljava/awt/Conditional;)V+3
j  java.awt.EventDispatchThread.run()V+9
v  ~StubRoutines::call_stub

---------------  P R O C E S S  ---------------

Java Threads: ( => current thread )
  0x0000024083ebf800 JavaThread "Thread-171" [_thread_in_native, id=2488, stack(0x000000d2be400000,0x000000d2be500000)]
  0x0000024083381800 JavaThread "Refresh links" [_thread_blocked, id=8872, stack(0x000000d2bd000000,0x000000d2bd500000)]
  0x0000024083022000 JavaThread "Refresh GTs" [_thread_blocked, id=6712, stack(0x000000d2bcb00000,0x000000d2bd000000)]
  0x00000240842fe000 JavaThread "Monitor File Timestamp" [_thread_blocked, id=9060, stack(0x000000d2a2c00000,0x000000d2a3100000)]
  0x000002408002e000 JavaThread "Monitor File Timestamp" [_thread_blocked, id=7872, stack(0x000000d294200000,0x000000d294700000)]
  0x0000024081297800 JavaThread "Monitor File Timestamp" [_thread_blocked, id=7400, stack(0x000000d2f8100000,0x000000d2f8600000)]
  0x0000024082b40800 JavaThread "Monitor File Timestamp" [_thread_blocked, id=3880, stack(0x000000d2e9f00000,0x000000d2ea400000)]
  0x0000024080e9b800 JavaThread "hw_ila_monitor" [_thread_blocked, id=2780, stack(0x000000d2e2700000,0x000000d2e2c00000)]
  0x000002408041b800 JavaThread "Update Runs" [_thread_blocked, id=7408, stack(0x000000d2e2200000,0x000000d2e2700000)]
  0x0000024080e97000 JavaThread "Refresh Filesets" [_thread_blocked, id=7224, stack(0x000000d2e1d00000,0x000000d2e2200000)]
  0x00000240649d6800 JavaThread "Swing-Shell" daemon [_thread_blocked, id=6360, stack(0x000000d2e0000000,0x000000d2e0500000)]
  0x0000024080b87000 JavaThread "Monitor File Timestamp" [_thread_blocked, id=8640, stack(0x000000d2df600000,0x000000d2dfb00000)]
=>0x0000024066f4e800 JavaThread "AWT-EventQueue-1" [_thread_in_native, id=6604, stack(0x000000d2ddd00000,0x000000d2de200000)]
  0x0000024066f4f800 JavaThread "Process Messages" [_thread_blocked, id=8380, stack(0x000000d2dd800000,0x000000d2ddd00000)]
  0x00000240649f0800 JavaThread "Thread-3" [_thread_in_native, id=8616, stack(0x000000d2d7300000,0x000000d2d8700000)]
  0x000002407eb14000 JavaThread "AWT-EventQueue-0" [_thread_blocked, id=8656, stack(0x000000d2dd300000,0x000000d2dd800000)]
  0x000002407e6c1800 JavaThread "AWT-Windows" daemon [_thread_in_native, id=6888, stack(0x000000d2dce00000,0x000000d2dd300000)]
  0x000002407e6c3800 JavaThread "AWT-Shutdown" [_thread_blocked, id=5960, stack(0x000000d2dc900000,0x000000d2dce00000)]
  0x000002407e6b7800 JavaThread "Java2D Disposer" daemon [_thread_blocked, id=1316, stack(0x000000d2dc400000,0x000000d2dc900000)]
  0x000002407eb4f800 JavaThread "TimerQueue" daemon [_thread_blocked, id=7432, stack(0x000000d2dba00000,0x000000d2dbf00000)]
  0x000002407e1f5800 JavaThread "Service Thread" daemon [_thread_blocked, id=7924, stack(0x000000d2db400000,0x000000d2db900000)]
  0x000002407e072000 JavaThread "C1 CompilerThread1" daemon [_thread_blocked, id=8912, stack(0x000000d2db300000,0x000000d2db400000)]
  0x000002407e073800 JavaThread "C2 CompilerThread0" daemon [_thread_blocked, id=7676, stack(0x000000d2db200000,0x000000d2db300000)]
  0x000002407e067000 JavaThread "Attach Listener" daemon [_thread_blocked, id=2136, stack(0x000000d2dad00000,0x000000d2db200000)]
  0x000002407e061000 JavaThread "Signal Dispatcher" daemon [_thread_blocked, id=9156, stack(0x000000d2da800000,0x000000d2dad00000)]
  0x000002407df71800 JavaThread "Finalizer" daemon [_thread_blocked, id=2820, stack(0x000000d2da300000,0x000000d2da800000)]
  0x000002407df81000 JavaThread "Reference Handler" daemon [_thread_blocked, id=7552, stack(0x000000d2d9e00000,0x000000d2da300000)]
  0x0000024063b55800 JavaThread "main" [_thread_blocked, id=6176, stack(0x000000d2d9a00000,0x000000d2d9b00000)]

Other Threads:
  0x000002407df84800 VMThread [stack: 0x000000d2d9d00000,0x000000d2d9e00000] [id=1168]
  0x000002407e1f4000 WatcherThread [stack: 0x000000d2db900000,0x000000d2dba00000] [id=8052]

VM state:not at safepoint (normal execution)

VM Mutex/Monitor currently owned by a thread: None

Heap:
 PSYoungGen      total 45568K, used 8093K [0x00000007bc400000, 0x00000007c0000000, 0x00000007c0000000)
  eden space 29696K, 19% used [0x00000007bc400000,0x00000007bc9cc2d8,0x00000007be100000)
  from space 15872K, 13% used [0x00000007be100000,0x00000007be31b300,0x00000007bf080000)
  to   space 15872K, 0% used [0x00000007bf080000,0x00000007bf080000,0x00000007c0000000)
 ParOldGen       total 136704K, used 66211K [0x0000000700000000, 0x0000000708580000, 0x00000007bc400000)
  object space 136704K, 48% used [0x0000000700000000,0x00000007040a8f30,0x0000000708580000)
 Metaspace       used 57832K, capacity 58197K, committed 58536K, reserved 1099776K
  class space    used 8291K, capacity 8351K, committed 8368K, reserved 1048576K

Card table byte_map: [0x00000240764b0000,0x0000024076ac0000] byte_map_base: 0x0000024072cb0000

Marking Bits: (ParMarkBitMap*) 0x000000007302d490
 Begin Bits: [0x00000240770b0000, 0x000002407a0b0000)
 End Bits:   [0x000002407a0b0000, 0x000002407d0b0000)

Polling page: 0x0000024066fd0000

CodeCache: size=245760Kb used=41341Kb max_used=41717Kb free=204418Kb
 bounds [0x00000240670f0000, 0x0000024069a40000, 0x00000240760f0000]
 total_blobs=11606 nmethods=10775 adapters=739
 compilation: enabled

Compilation events (10 events):
Event: 1240.001 Thread 0x000002407e072000 14138       3       ui.g.bo::bM (154 bytes)
Event: 1240.003 Thread 0x000002407e072000 nmethod 14138 0x000002406980f790 code [0x000002406980fb80, 0x0000024069812870]
Event: 1240.006 Thread 0x000002407e072000 14133       3       ui.data.labtools.i::beL (8 bytes)
Event: 1240.006 Thread 0x000002407e072000 nmethod 14133 0x0000024068683610 code [0x00000240686837c0, 0x0000024068683c10]
Event: 1240.010 Thread 0x000002407e072000 14134       3       ui.data.labtools.i::getUrl (8 bytes)
Event: 1240.010 Thread 0x000002407e072000 nmethod 14134 0x000002406769a450 code [0x000002406769a5c0, 0x000002406769a750]
Event: 1240.014 Thread 0x000002407e072000 14136       3       ui.data.labtools.i::qI (24 bytes)
Event: 1240.014 Thread 0x000002407e072000 nmethod 14136 0x0000024067be40d0 code [0x0000024067be42a0, 0x0000024067be4950]
Event: 1240.019 Thread 0x000002407e072000 14137       3       ui.data.labtools.i::qK (9 bytes)
Event: 1240.019 Thread 0x000002407e072000 nmethod 14137 0x0000024067ab6890 code [0x0000024067ab6a40, 0x0000024067ab6fe0]

GC Heap History (10 events):
Event: 1137.217 GC heap before
{Heap before GC invocations=80 (full 6):
 PSYoungGen      total 43008K, used 13056K [0x00000007bc400000, 0x00000007c0000000, 0x00000007c0000000)
  eden space 31744K, 6% used [0x00000007bc400000,0x00000007bc60ac60,0x00000007be300000)
  from space 11264K, 97% used [0x00000007be300000,0x00000007bedb56f0,0x00000007bee00000)
  to   space 15360K, 0% used [0x00000007bf100000,0x00000007bf100000,0x00000007c0000000)
 ParOldGen       total 136704K, used 59202K [0x0000000700000000, 0x0000000708580000, 0x00000007bc400000)
  object space 136704K, 43% used [0x0000000700000000,0x00000007039d0a60,0x0000000708580000)
 Metaspace       used 57241K, capacity 57575K, committed 58024K, reserved 1099776K
  class space    used 8239K, capacity 8318K, committed 8368K, reserved 1048576K
Event: 1137.229 GC heap after
Heap after GC invocations=80 (full 6):
 PSYoungGen      total 46080K, used 10619K [0x00000007bc400000, 0x00000007c0000000, 0x00000007c0000000)
  eden space 30720K, 0% used [0x00000007bc400000,0x00000007bc400000,0x00000007be200000)
  from space 15360K, 69% used [0x00000007bf100000,0x00000007bfb5ed28,0x00000007c0000000)
  to   space 15360K, 0% used [0x00000007be200000,0x00000007be200000,0x00000007bf100000)
 ParOldGen       total 136704K, used 59202K [0x0000000700000000, 0x0000000708580000, 0x00000007bc400000)
  object space 136704K, 43% used [0x0000000700000000,0x00000007039d0a60,0x0000000708580000)
 Metaspace       used 57241K, capacity 57575K, committed 58024K, reserved 1099776K
  class space    used 8239K, capacity 8318K, committed 8368K, reserved 1048576K
}
Event: 1137.229 GC heap before
{Heap before GC invocations=81 (full 7):
 PSYoungGen      total 46080K, used 10619K [0x00000007bc400000, 0x00000007c0000000, 0x00000007c0000000)
  eden space 30720K, 0% used [0x00000007bc400000,0x00000007bc400000,0x00000007be200000)
  from space 15360K, 69% used [0x00000007bf100000,0x00000007bfb5ed28,0x00000007c0000000)
  to   space 15360K, 0% used [0x00000007be200000,0x00000007be200000,0x00000007bf100000)
 ParOldGen       total 136704K, used 59202K [0x0000000700000000, 0x0000000708580000, 0x00000007bc400000)
  object space 136704K, 43% used [0x0000000700000000,0x00000007039d0a60,0x0000000708580000)
 Metaspace       used 57241K, capacity 57575K, committed 58024K, reserved 1099776K
  class space    used 8239K, capacity 8318K, committed 8368K, reserved 1048576K
Event: 1137.631 GC heap after
Heap after GC invocations=81 (full 7):
 PSYoungGen      total 46080K, used 0K [0x00000007bc400000, 0x00000007c0000000, 0x00000007c0000000)
  eden space 30720K, 0% used [0x00000007bc400000,0x00000007bc400000,0x00000007be200000)
  from space 15360K, 0% used [0x00000007bf100000,0x00000007bf100000,0x00000007c0000000)
  to   space 15360K, 0% used [0x00000007be200000,0x00000007be200000,0x00000007bf100000)
 ParOldGen       total 136704K, used 66211K [0x0000000700000000, 0x0000000708580000, 0x00000007bc400000)
  object space 136704K, 48% used [0x0000000700000000,0x00000007040a8f30,0x0000000708580000)
 Metaspace       used 57241K, capacity 57575K, committed 58024K, reserved 1099776K
  class space    used 8239K, capacity 8318K, committed 8368K, reserved 1048576K
}
Event: 1139.363 GC heap before
{Heap before GC invocations=82 (full 7):
 PSYoungGen      total 46080K, used 30720K [0x00000007bc400000, 0x00000007c0000000, 0x00000007c0000000)
  eden space 30720K, 100% used [0x00000007bc400000,0x00000007be200000,0x00000007be200000)
  from space 15360K, 0% used [0x00000007bf100000,0x00000007bf100000,0x00000007c0000000)
  to   space 15360K, 0% used [0x00000007be200000,0x00000007be200000,0x00000007bf100000)
 ParOldGen       total 136704K, used 66211K [0x0000000700000000, 0x0000000708580000, 0x00000007bc400000)
  object space 136704K, 48% used [0x0000000700000000,0x00000007040a8f30,0x0000000708580000)
 Metaspace       used 57309K, capacity 57703K, committed 58280K, reserved 1099776K
  class space    used 8245K, capacity 8318K, committed 8368K, reserved 1048576K
Event: 1139.369 GC heap after
Heap after GC invocations=82 (full 7):
 PSYoungGen      total 32256K, used 1096K [0x00000007bc400000, 0x00000007c0000000, 0x00000007c0000000)
  eden space 30720K, 0% used [0x00000007bc400000,0x00000007bc400000,0x00000007be200000)
  from space 1536K, 71% used [0x00000007be200000,0x00000007be3122e8,0x00000007be380000)
  to   space 15872K, 0% used [0x00000007bf080000,0x00000007bf080000,0x00000007c0000000)
 ParOldGen       total 136704K, used 66211K [0x0000000700000000, 0x0000000708580000, 0x00000007bc400000)
  object space 136704K, 48% used [0x0000000700000000,0x00000007040a8f30,0x0000000708580000)
 Metaspace       used 57309K, capacity 57703K, committed 58280K, reserved 1099776K
  class space    used 8245K, capacity 8318K, committed 8368K, reserved 1048576K
}
Event: 1140.995 GC heap before
{Heap before GC invocations=83 (full 7):
 PSYoungGen      total 32256K, used 31815K [0x00000007bc400000, 0x00000007c0000000, 0x00000007c0000000)
  eden space 30720K, 99% used [0x00000007bc400000,0x00000007be1ffbf8,0x00000007be200000)
  from space 1536K, 71% used [0x00000007be200000,0x00000007be3122e8,0x00000007be380000)
  to   space 15872K, 0% used [0x00000007bf080000,0x00000007bf080000,0x00000007c0000000)
 ParOldGen       total 136704K, used 66211K [0x0000000700000000, 0x0000000708580000, 0x00000007bc400000)
  object space 136704K, 48% used [0x0000000700000000,0x00000007040a8f30,0x0000000708580000)
 Metaspace       used 57554K, capacity 57941K, committed 58280K, reserved 1099776K
  class space    used 8283K, capacity 8351K, committed 8368K, reserved 1048576K
Event: 1141.001 GC heap after
Heap after GC invocations=83 (full 7):
 PSYoungGen      total 45568K, used 2248K [0x00000007bc400000, 0x00000007c0000000, 0x00000007c0000000)
  eden space 29696K, 0% used [0x00000007bc400000,0x00000007bc400000,0x00000007be100000)
  from space 15872K, 14% used [0x00000007bf080000,0x00000007bf2b2178,0x00000007c0000000)
  to   space 15872K, 0% used [0x00000007be100000,0x00000007be100000,0x00000007bf080000)
 ParOldGen       total 136704K, used 66211K [0x0000000700000000, 0x0000000708580000, 0x00000007bc400000)
  object space 136704K, 48% used [0x0000000700000000,0x00000007040a8f30,0x0000000708580000)
 Metaspace       used 57554K, capacity 57941K, committed 58280K, reserved 1099776K
  class space    used 8283K, capacity 8351K, committed 8368K, reserved 1048576K
}
Event: 1219.973 GC heap before
{Heap before GC invocations=84 (full 7):
 PSYoungGen      total 45568K, used 31944K [0x00000007bc400000, 0x00000007c0000000, 0x00000007c0000000)
  eden space 29696K, 100% used [0x00000007bc400000,0x00000007be100000,0x00000007be100000)
  from space 15872K, 14% used [0x00000007bf080000,0x00000007bf2b2178,0x00000007c0000000)
  to   space 15872K, 0% used [0x00000007be100000,0x00000007be100000,0x00000007bf080000)
 ParOldGen       total 136704K, used 66211K [0x0000000700000000, 0x0000000708580000, 0x00000007bc400000)
  object space 136704K, 48% used [0x0000000700000000,0x00000007040a8f30,0x0000000708580000)
 Metaspace       used 57824K, capacity 58197K, committed 58536K, reserved 1099776K
  class space    used 8291K, capacity 8351K, committed 8368K, reserved 1048576K
Event: 1219.984 GC heap after
Heap after GC invocations=84 (full 7):
 PSYoungGen      total 45568K, used 2156K [0x00000007bc400000, 0x00000007c0000000, 0x00000007c0000000)
  eden space 29696K, 0% used [0x00000007bc400000,0x00000007bc400000,0x00000007be100000)
  from space 15872K, 13% used [0x00000007be100000,0x00000007be31b300,0x00000007bf080000)
  to   space 15872K, 0% used [0x00000007bf080000,0x00000007bf080000,0x00000007c0000000)
 ParOldGen       total 136704K, used 66211K [0x0000000700000000, 0x0000000708580000, 0x00000007bc400000)
  object space 136704K, 48% used [0x0000000700000000,0x00000007040a8f30,0x0000000708580000)
 Metaspace       used 57824K, capacity 58197K, committed 58536K, reserved 1099776K
  class space    used 8291K, capacity 8351K, committed 8368K, reserved 1048576K
}

Deoptimization events (10 events):
Event: 1140.290 Thread 0x0000024066f4e800 Uncommon trap: reason=class_check action=maybe_recompile pc=0x000002406857000c method=javax.swing.text.PlainView.modelToView(ILjava/awt/Shape;Ljavax/swing/text/Position$Bias;)Ljava/awt/Shape; @ 87
Event: 1140.290 Thread 0x0000024066f4e800 Uncommon trap: reason=class_check action=maybe_recompile pc=0x000002406857000c method=javax.swing.text.PlainView.modelToView(ILjava/awt/Shape;Ljavax/swing/text/Position$Bias;)Ljava/awt/Shape; @ 87
Event: 1140.290 Thread 0x0000024066f4e800 Uncommon trap: reason=class_check action=maybe_recompile pc=0x000002406857000c method=javax.swing.text.PlainView.modelToView(ILjava/awt/Shape;Ljavax/swing/text/Position$Bias;)Ljava/awt/Shape; @ 87
Event: 1140.290 Thread 0x0000024066f4e800 Uncommon trap: reason=class_check action=maybe_recompile pc=0x000002406857000c method=javax.swing.text.PlainView.modelToView(ILjava/awt/Shape;Ljavax/swing/text/Position$Bias;)Ljava/awt/Shape; @ 87
Event: 1140.361 Thread 0x0000024066f4e800 Uncommon trap: reason=unloaded action=reinterpret pc=0x00000240694a671c method=com.jidesoft.docking.DefaultDockingManager.handleEvent(Ljava/awt/AWTEvent;)Z @ 670
Event: 1140.973 Thread 0x0000024066f4e800 Uncommon trap: reason=bimorphic action=maybe_recompile pc=0x0000024069423bfc method=javax.swing.plaf.basic.BasicTextUI.modelChanged()V @ 17
Event: 1140.976 Thread 0x0000024066f4e800 Uncommon trap: reason=bimorphic action=maybe_recompile pc=0x0000024069423bfc method=javax.swing.plaf.basic.BasicTextUI.modelChanged()V @ 17
Event: 1219.423 Thread 0x0000024083ebf800 Uncommon trap: reason=unreached action=reinterpret pc=0x0000024068f11e40 method=java.security.AccessControlContext.optimize()Ljava/security/AccessControlContext; @ 49
Event: 1219.988 Thread 0x0000024066f4e800 Uncommon trap: reason=bimorphic action=maybe_recompile pc=0x00000240688cf708 method=java.util.HashMap.removeNode(ILjava/lang/Object;Ljava/lang/Object;ZZ)Ljava/util/HashMap$Node; @ 68
Event: 1219.999 Thread 0x0000024066f4e800 Uncommon trap: reason=unreached action=reinterpret pc=0x0000024069873bb4 method=java.util.Collections.eq(Ljava/lang/Object;Ljava/lang/Object;)Z @ 1

Internal exceptions (10 events):
Event: 1219.423 Thread 0x0000024083ebf800 Implicit null exception at 0x0000024068f117e0 to 0x0000024068f11e29
Event: 1219.424 Thread 0x0000024066f4e800 Exception <a 'java/security/PrivilegedActionException'> (0x00000007be025378) thrown at [D:\re\workspace\8-2-build-windows-amd64-cygwin\jdk8u25\1677\hotspot\src\share\vm\prims\jvm.cpp, line 1312]
Event: 1219.931 Thread 0x0000024066f4e800 Exception <a 'java/security/PrivilegedActionException'> (0x00000007be08c940) thrown at [D:\re\workspace\8-2-build-windows-amd64-cygwin\jdk8u25\1677\hotspot\src\share\vm\prims\jvm.cpp, line 1312]
Event: 1219.932 Thread 0x0000024066f4e800 Exception <a 'java/security/PrivilegedActionException'> (0x00000007be098718) thrown at [D:\re\workspace\8-2-build-windows-amd64-cygwin\jdk8u25\1677\hotspot\src\share\vm\prims\jvm.cpp, line 1312]
Event: 1219.932 Thread 0x0000024066f4e800 Exception <a 'java/security/PrivilegedActionException'> (0x00000007be09c900) thrown at [D:\re\workspace\8-2-build-windows-amd64-cygwin\jdk8u25\1677\hotspot\src\share\vm\prims\jvm.cpp, line 1312]
Event: 1219.933 Thread 0x0000024066f4e800 Exception <a 'java/security/PrivilegedActionException'> (0x00000007be0a3130) thrown at [D:\re\workspace\8-2-build-windows-amd64-cygwin\jdk8u25\1677\hotspot\src\share\vm\prims\jvm.cpp, line 1312]
Event: 1219.933 Thread 0x0000024066f4e800 Exception <a 'java/security/PrivilegedActionException'> (0x00000007be0a77e0) thrown at [D:\re\workspace\8-2-build-windows-amd64-cygwin\jdk8u25\1677\hotspot\src\share\vm\prims\jvm.cpp, line 1312]
Event: 1219.934 Thread 0x0000024066f4e800 Exception <a 'java/security/PrivilegedActionException'> (0x00000007be0b23e8) thrown at [D:\re\workspace\8-2-build-windows-amd64-cygwin\jdk8u25\1677\hotspot\src\share\vm\prims\jvm.cpp, line 1312]
Event: 1219.934 Thread 0x0000024066f4e800 Exception <a 'java/security/PrivilegedActionException'> (0x00000007be0be078) thrown at [D:\re\workspace\8-2-build-windows-amd64-cygwin\jdk8u25\1677\hotspot\src\share\vm\prims\jvm.cpp, line 1312]
Event: 1219.999 Thread 0x0000024066f4e800 Implicit null exception at 0x0000024069873b50 to 0x0000024069873ba1

Events (10 events):
Event: 1240.009 Thread 0x000002407e072000 flushing nmethod 0x0000024068b6e050
Event: 1240.009 Thread 0x000002407e072000 flushing nmethod 0x0000024068c3fb10
Event: 1240.010 Thread 0x000002407e072000 flushing nmethod 0x0000024068c80790
Event: 1240.010 Thread 0x000002407e072000 flushing nmethod 0x0000024068d16290
Event: 1240.010 Thread 0x000002407e072000 flushing nmethod 0x0000024068d1b690
Event: 1240.012 Thread 0x000002407e072000 flushing nmethod 0x0000024068f2a450
Event: 1240.015 Thread 0x000002407e072000 flushing nmethod 0x000002406914a9d0
Event: 1240.017 Thread 0x000002407e072000 flushing nmethod 0x00000240692d50d0
Event: 1240.021 Thread 0x000002407e072000 flushing nmethod 0x00000240696b1590
Event: 1240.022 Thread 0x000002407e072000 flushing nmethod 0x000002406975dbd0


Dynamic libraries:
0x00007ff71de00000 - 0x00007ff71de3d000 	D:\vivado\Vivado\2015.2\bin\unwrapped\win64.o\vivado.exe
0x00007ffc9ff70000 - 0x00007ffca0131000 	C:\WINDOWS\SYSTEM32\ntdll.dll
0x00007ffc9faf0000 - 0x00007ffc9fb9d000 	C:\WINDOWS\system32\KERNEL32.DLL
0x00007ffc9c420000 - 0x00007ffc9c608000 	C:\WINDOWS\system32\KERNELBASE.dll
0x000000000a900000 - 0x000000000a98d000 	D:\vivado\Vivado\2015.2\lib\win64.o\SHSMP64.dll
0x00007ffc90530000 - 0x00007ffc90543000 	D:\vivado\Vivado\2015.2\lib\win64.o\libboost_signals.dll
0x00007ffc7e790000 - 0x00007ffc7f0d3000 	D:\vivado\Vivado\2015.2\lib\win64.o\librdi_common.dll
0x00007ffc9d1b0000 - 0x00007ffc9d306000 	C:\WINDOWS\system32\USER32.dll
0x00007ffc9f900000 - 0x00007ffc9fa86000 	C:\WINDOWS\system32\GDI32.dll
0x00007ffc9f300000 - 0x00007ffc9f3a7000 	C:\WINDOWS\system32\ADVAPI32.dll
0x00007ffc9fba0000 - 0x00007ffc9fc3d000 	C:\WINDOWS\system32\msvcrt.dll
0x00007ffc9fa90000 - 0x00007ffc9faeb000 	C:\WINDOWS\system32\sechost.dll
0x00007ffc9f490000 - 0x00007ffc9f5ac000 	C:\WINDOWS\system32\RPCRT4.dll
0x00007ffc90240000 - 0x00007ffc90251000 	D:\vivado\Vivado\2015.2\lib\win64.o\librdi_commonmain.dll
0x00007ffc815a0000 - 0x00007ffc81647000 	C:\WINDOWS\SYSTEM32\MSVCP110.dll
0x00007ffc816b0000 - 0x00007ffc81784000 	C:\WINDOWS\SYSTEM32\MSVCR110.dll
0x00007ffc9c240000 - 0x00007ffc9c24a000 	C:\WINDOWS\SYSTEM32\VERSION.dll
0x00007ffc82bb0000 - 0x00007ffc82bd2000 	D:\vivado\Vivado\2015.2\lib\win64.o\libboost_filesystem.dll
0x00007ffc93520000 - 0x00007ffc93529000 	D:\vivado\Vivado\2015.2\lib\win64.o\librdi_commonversion.dll
0x00007ffc7e730000 - 0x00007ffc7e784000 	D:\vivado\Vivado\2015.2\lib\win64.o\librdi_commonxillic.dll
0x00007ffc9d3c0000 - 0x00007ffc9d3c8000 	C:\WINDOWS\system32\PSAPI.DLL
0x00007ffc9d740000 - 0x00007ffc9ec9c000 	C:\WINDOWS\system32\SHELL32.dll
0x00007ffc9c3d0000 - 0x00007ffc9c413000 	C:\WINDOWS\system32\cfgmgr32.dll
0x00007ffc9caf0000 - 0x00007ffc9d134000 	C:\WINDOWS\system32\windows.storage.dll
0x00007ffc9f610000 - 0x00007ffc9f88d000 	C:\WINDOWS\system32\combase.dll
0x00007ffc9d140000 - 0x00007ffc9d1aa000 	C:\WINDOWS\system32\bcryptPrimitives.dll
0x00007ffc9eca0000 - 0x00007ffc9ecf2000 	C:\WINDOWS\system32\shlwapi.dll
0x00007ffc9c3c0000 - 0x00007ffc9c3cf000 	C:\WINDOWS\system32\kernel.appcore.dll
0x00007ffc9c640000 - 0x00007ffc9c6f5000 	C:\WINDOWS\system32\shcore.dll
0x00007ffc9c930000 - 0x00007ffc9c97b000 	C:\WINDOWS\system32\powrprof.dll
0x00007ffc9c370000 - 0x00007ffc9c384000 	C:\WINDOWS\system32\profapi.dll
0x00000000735f0000 - 0x0000000073717000 	D:\vivado\Vivado\2015.2\lib\win64.o\tcl85t.dll
0x00007ffc7e090000 - 0x00007ffc7e338000 	D:\vivado\Vivado\2015.2\lib\win64.o\libCOIN-all.dll
0x00007ffc7de70000 - 0x00007ffc7e090000 	D:\vivado\Vivado\2015.2\lib\win64.o\libXil_lmgr11.dll
0x00007ffc906b0000 - 0x00007ffc906c0000 	D:\vivado\Vivado\2015.2\lib\win64.o\libboost_date_time.dll
0x00007ffc9fc40000 - 0x00007ffc9fcab000 	C:\WINDOWS\system32\WS2_32.dll
0x00007ffc7e6b0000 - 0x00007ffc7e724000 	D:\vivado\Vivado\2015.2\lib\win64.o\libboost_program_options.dll
0x00007ffc7dd70000 - 0x00007ffc7de6a000 	D:\vivado\Vivado\2015.2\lib\win64.o\libboost_regex.dll
0x00007ffc9c610000 - 0x00007ffc9c627000 	C:\WINDOWS\system32\NETAPI32.dll
0x00007ffc9d3d0000 - 0x00007ffc9d4db000 	C:\WINDOWS\system32\COMDLG32.dll
0x00007ffc9ca60000 - 0x00007ffc9cae6000 	C:\WINDOWS\system32\FirewallAPI.dll
0x00007ffc9d4f0000 - 0x00007ffc9d5b1000 	C:\WINDOWS\system32\OLEAUT32.dll
0x00007ffc9d5c0000 - 0x00007ffc9d703000 	C:\WINDOWS\system32\ole32.dll
0x00007ffc9c8d0000 - 0x00007ffc9c925000 	C:\WINDOWS\system32\WINTRUST.dll
0x00007ffc9c360000 - 0x00007ffc9c370000 	C:\WINDOWS\system32\MSASN1.dll
0x00007ffc9c700000 - 0x00007ffc9c8c8000 	C:\WINDOWS\system32\CRYPT32.dll
0x00007ffc92980000 - 0x00007ffc92989000 	D:\vivado\Vivado\2015.2\lib\win64.o\libboost_system.dll
0x00007ffc8fea0000 - 0x00007ffc8febd000 	D:\vivado\Vivado\2015.2\lib\win64.o\libboost_thread.dll
0x00007ffc7dcf0000 - 0x00007ffc7dd70000 	D:\vivado\Vivado\2015.2\lib\win64.o\libhdlpsolve.dll
0x00007ffc7dc50000 - 0x00007ffc7dcea000 	D:\vivado\Vivado\2015.2\lib\win64.o\libhdxml.dll
0x00007ffc7d640000 - 0x00007ffc7dc4a200 	D:\vivado\Vivado\2015.2\lib\win64.o\libisl_iostreams.dll
0x00007ffc81f50000 - 0x00007ffc81f73000 	D:\vivado\Vivado\2015.2\lib\win64.o\libisl_iosutils.dll
0x00007ffc7e680000 - 0x00007ffc7e6aa000 	D:\vivado\Vivado\2015.2\lib\win64.o\libisl_sysinfo.dll
0x0000000072850000 - 0x00000000730aa000 	D:\vivado\Vivado\2015.2\tps\win64\jre\bin\server\jvm.dll
0x00007ffc82b90000 - 0x00007ffc82ba5000 	D:\vivado\Vivado\2015.2\lib\win64.o\pthreadVC2.dll
0x00007ffc7d4e0000 - 0x00007ffc7d610000 	D:\vivado\Vivado\2015.2\lib\win64.o\librdi_curl.dll
0x00007ffc827d0000 - 0x00007ffc827e8000 	D:\vivado\Vivado\2015.2\lib\win64.o\librdiconfig.dll
0x00007ffc9ca30000 - 0x00007ffc9ca53000 	C:\WINDOWS\system32\WINMM.dll
0x00007ffc7d610000 - 0x00007ffc7d633000 	D:\vivado\Vivado\2015.2\lib\win64.o\librdizlib.dll
0x00007ffc9c390000 - 0x00007ffc9c3bc000 	C:\WINDOWS\system32\WINMMBASE.dll
0x0000000012000000 - 0x0000000012263000 	D:\vivado\Vivado\2015.2\lib\win64.o\xerces-c_3_1.dll
0x00007ffc90cb0000 - 0x00007ffc90f59000 	C:\WINDOWS\SYSTEM32\WININET.dll
0x00007ffc94c10000 - 0x00007ffc94cd8000 	C:\WINDOWS\SYSTEM32\WINHTTP.dll
0x00007ffc90f60000 - 0x00007ffc91117000 	C:\WINDOWS\SYSTEM32\urlmon.dll
0x00007ffc90230000 - 0x00007ffc90239000 	C:\WINDOWS\SYSTEM32\WSOCK32.dll
0x00007ffc7d4b0000 - 0x00007ffc7d4d3000 	C:\WINDOWS\SYSTEM32\VCOMP110.DLL
0x00007ffc985f0000 - 0x00007ffc9869a000 	C:\WINDOWS\WinSxS\amd64_microsoft.windows.common-controls_6595b64144ccf1df_5.82.10586.0_none_396e892957c7fb25\COMCTL32.dll
0x00007ffc81690000 - 0x00007ffc816a6000 	D:\vivado\Vivado\2015.2\lib\win64.o\libboost_iostreams.dll
0x00007ffc8c470000 - 0x00007ffc8c47b000 	D:\vivado\Vivado\2015.2\lib\win64.o\libboost_chrono.dll
0x0000000073510000 - 0x00000000735e2000 	C:\WINDOWS\SYSTEM32\MSVCR100.dll
0x00007ffc95c20000 - 0x00007ffc95fa4000 	C:\WINDOWS\SYSTEM32\iertutil.dll
0x00007ffc988e0000 - 0x00007ffc988ec000 	C:\WINDOWS\SYSTEM32\DAVHLPR.DLL
0x00007ffc9f450000 - 0x00007ffc9f48b000 	C:\WINDOWS\system32\IMM32.DLL
0x00007ffc9c250000 - 0x00007ffc9c281000 	C:\Windows\system32\nvinitx.dll
0x000000000f000000 - 0x000000000f006000 	C:\Program Files\NVIDIA Corporation\CoProcManager\_etoured.dll
0x00007ffc98ec0000 - 0x00007ffc98ef2000 	C:\Program Files\NVIDIA Corporation\CoProcManager\nvd3d9wrapx.dll
0x00007ffc9ed20000 - 0x00007ffc9f149000 	C:\WINDOWS\system32\SETUPAPI.dll
0x00007ffc98e90000 - 0x00007ffc98eb2000 	C:\Program Files\NVIDIA Corporation\CoProcManager\nvdxgiwrapx.dll
0x00007ffc9b090000 - 0x00007ffc9b0c2000 	C:\WINDOWS\SYSTEM32\fwbase.dll
0x00007ffc7d0a0000 - 0x00007ffc7d4aa000 	D:\vivado\Vivado\2015.2\lib\win64.o\librdi_commontasks.dll
0x00007ffc7c890000 - 0x00007ffc7d0a0000 	D:\vivado\Vivado\2015.2\lib\win64.o\libXil_lmgr11FNP.dll
0x00007ffc97590000 - 0x00007ffc975c8000 	C:\WINDOWS\SYSTEM32\iphlpapi.dll
0x00007ffc9a260000 - 0x00007ffc9a26c000 	C:\WINDOWS\SYSTEM32\snmpapi.dll
0x00007ffc98230000 - 0x00007ffc9829a000 	C:\WINDOWS\SYSTEM32\OLEACC.dll
0x00007ffc982b0000 - 0x00007ffc98334000 	C:\WINDOWS\SYSTEM32\WINSPOOL.DRV
0x00007ffc9c290000 - 0x00007ffc9c2b9000 	C:\WINDOWS\SYSTEM32\bcrypt.dll
0x00007ffc9bc90000 - 0x00007ffc9bca7000 	C:\WINDOWS\SYSTEM32\CRYPTSP.dll
0x00007ffc9b920000 - 0x00007ffc9b954000 	C:\WINDOWS\system32\rsaenh.dll
0x00007ffc9c230000 - 0x00007ffc9c23b000 	C:\WINDOWS\SYSTEM32\CRYPTBASE.dll
0x00007ffc9bf80000 - 0x00007ffc9bfad000 	C:\WINDOWS\SYSTEM32\SspiCli.dll
0x00007ffc9ad30000 - 0x00007ffc9ad57000 	C:\WINDOWS\SYSTEM32\DEVOBJ.dll
0x00007ffc9ac90000 - 0x00007ffc9ad26000 	C:\WINDOWS\system32\uxtheme.dll
0x00007ffc8ebd0000 - 0x00007ffc8ebe6000 	C:\WINDOWS\system32\napinsp.dll
0x00007ffc8ebf0000 - 0x00007ffc8ec0a000 	C:\WINDOWS\system32\pnrpnsp.dll
0x00007ffc9a7f0000 - 0x00007ffc9a808000 	C:\WINDOWS\system32\NLAapi.dll
0x00007ffc9bbe0000 - 0x00007ffc9bc3c000 	C:\WINDOWS\System32\mswsock.dll
0x00007ffc9ad80000 - 0x00007ffc9ae2a000 	C:\WINDOWS\SYSTEM32\DNSAPI.dll
0x00007ffc9d4e0000 - 0x00007ffc9d4e8000 	C:\WINDOWS\system32\NSI.dll
0x00007ffc8ec10000 - 0x00007ffc8ec1d000 	C:\WINDOWS\System32\winrnr.dll
0x00007ffc8ec20000 - 0x00007ffc8ec35000 	C:\WINDOWS\System32\wshbth.dll
0x00007ffc97650000 - 0x00007ffc976b7000 	C:\WINDOWS\System32\fwpuclnt.dll
0x00007ffc941a0000 - 0x00007ffc941aa000 	C:\Windows\System32\rasadhlp.dll
0x00007ffc906f0000 - 0x00007ffc906fa000 	C:\WINDOWS\system32\wshqos.dll
0x00007ffc906e0000 - 0x00007ffc906e8000 	C:\WINDOWS\SYSTEM32\wshtcpip.DLL
0x00007ffc906d0000 - 0x00007ffc906d8000 	C:\WINDOWS\SYSTEM32\wship6.dll
0x00007ffc9d310000 - 0x00007ffc9d3b7000 	C:\WINDOWS\system32\clbcatq.dll
0x00007ffc7c2f0000 - 0x00007ffc7c88b000 	D:\vivado\Vivado\2015.2\lib\win64.o\librdi_coretasks.dll
0x00007ffc796f0000 - 0x00007ffc7982a000 	D:\vivado\Vivado\2015.2\lib\win64.o\librdi_board.dll
0x00007ffc7b020000 - 0x00007ffc7b1de000 	D:\vivado\Vivado\2015.2\lib\win64.o\librdi_chipscope.dll
0x00007ffc7b1e0000 - 0x00007ffc7c2eb000 	D:\vivado\Vivado\2015.2\lib\win64.o\librdi_constraints.dll
0x00007ffc79830000 - 0x00007ffc7b020000 	D:\vivado\Vivado\2015.2\lib\win64.o\librdi_coregen.dll
0x00007ffc6f560000 - 0x00007ffc72be5000 	D:\vivado\Vivado\2015.2\lib\win64.o\librdi_designutils.dll
0x00007ffc72bf0000 - 0x00007ffc796ef000 	D:\vivado\Vivado\2015.2\lib\win64.o\librdi_device.dll
0x00007ffc6f0c0000 - 0x00007ffc6f553000 	D:\vivado\Vivado\2015.2\lib\win64.o\librdi_drc.dll
0x00007ffc6ed90000 - 0x00007ffc6f0bd000 	D:\vivado\Vivado\2015.2\lib\win64.o\librdi_filemgmt.dll
0x00007ffc6e960000 - 0x00007ffc6ed82000 	D:\vivado\Vivado\2015.2\lib\win64.o\librdi_netlist.dll
0x00007ffc6ca40000 - 0x00007ffc6e064000 	D:\vivado\Vivado\2015.2\lib\win64.o\librdi_place.dll
0x00007ffc6e070000 - 0x00007ffc6e551000 	D:\vivado\Vivado\2015.2\lib\win64.o\librdi_power.dll
0x00007ffc6e560000 - 0x00007ffc6e95b000 	D:\vivado\Vivado\2015.2\lib\win64.o\librdi_project.dll
0x00007ffc6c9f0000 - 0x00007ffc6ca3d000 	D:\vivado\Vivado\2015.2\lib\win64.o\librdi_projectbase.dll
0x00007ffc6c560000 - 0x00007ffc6c9f0000 	D:\vivado\Vivado\2015.2\lib\win64.o\librdi_psta.dll
0x00007ffc6c130000 - 0x00007ffc6c558000 	D:\vivado\Vivado\2015.2\lib\win64.o\librdi_rsb.dll
0x00007ffc6be70000 - 0x00007ffc6c0c6000 	D:\vivado\Vivado\2015.2\lib\win64.o\librdi_runs.dll
0x00007ffc6c0d0000 - 0x00007ffc6c129000 	D:\vivado\Vivado\2015.2\lib\win64.o\librdi_runsbase.dll
0x00007ffc6a340000 - 0x00007ffc6ac4e000 	D:\vivado\Vivado\2015.2\lib\win64.o\librdi_timing.dll
0x00007ffc6aed0000 - 0x00007ffc6af33000 	D:\vivado\Vivado\2015.2\lib\win64.o\liblmx6.0.dll
0x00007ffc6b750000 - 0x00007ffc6be09000 	D:\vivado\Vivado\2015.2\lib\win64.o\librdi_coregenipxact.dll
0x00007ffc6af40000 - 0x00007ffc6b74d000 	D:\vivado\Vivado\2015.2\lib\win64.o\libverific.dll

VM Arguments:
jvm_args: -Dsun.java2d.pmoffscreen=false -Dsun.java2d.d3d=false -Dsun.awt.nopixfmt=true -Xverify:none -Dswing.aatext=true -XX:-UsePerfData -Djdk.map.althashing.threshold=512 -XX:StringTableSize=4072 -Djava.util.Arrays.useLegacyMergeSort=true -XX:NewSize=60m -XX:MaxNewSize=60m -Xms128m -Xmx3072m -Xss5m 
java_command: <unknown>
java_class_path (initial): D:/vivado/Vivado/2015.2\lib\classes\alloy.jar;D:/vivado/Vivado/2015.2\lib\classes\antlr-2.7.7.jar;D:/vivado/Vivado/2015.2\lib\classes\batik-anim.jar;D:/vivado/Vivado/2015.2\lib\classes\batik-awt-util.jar;D:/vivado/Vivado/2015.2\lib\classes\batik-bridge.jar;D:/vivado/Vivado/2015.2\lib\classes\batik-codec.jar;D:/vivado/Vivado/2015.2\lib\classes\batik-css.jar;D:/vivado/Vivado/2015.2\lib\classes\batik-dom.jar;D:/vivado/Vivado/2015.2\lib\classes\batik-ext.jar;D:/vivado/Vivado/2015.2\lib\classes\batik-gui-util.jar;D:/vivado/Vivado/2015.2\lib\classes\batik-gvt.jar;D:/vivado/Vivado/2015.2\lib\classes\batik-parser.jar;D:/vivado/Vivado/2015.2\lib\classes\batik-script.jar;D:/vivado/Vivado/2015.2\lib\classes\batik-svg-dom.jar;D:/vivado/Vivado/2015.2\lib\classes\batik-swing.jar;D:/vivado/Vivado/2015.2\lib\classes\batik-transcoder.jar;D:/vivado/Vivado/2015.2\lib\classes\batik-util.jar;D:/vivado/Vivado/2015.2\lib\classes\batik-xml.jar;D:/vivado/Vivado/2015.2\lib\classes\commons-logging.jar;D:/vivado/Vivado/2015.2\lib\classes\commons-math-2.2.jar;D:/vivado/Vivado/2015.2\lib\classes\dom4j-1.6.1.jar;D:/vivado/Vivado/2015.2\lib\classes\forms.jar;D:/vivado/Vivado/2015.2\lib\classes\guava-15.0.jar;D:/vivado/Vivado/2015.2\lib\classes\hsqldb.jar;D:/vivado/Vivado/2015.2\lib\classes\jdom.jar;D:/vivado/Vivado/2015.2\lib\classes\jide-action.jar;D:/vivado/Vivado/2015.2\lib\classes\jide-charts.jar;D:/vivado/Vivado/2015.2\lib\classes\jide-common.jar;D:/vivado/Vivado/2015.2\lib\classes\jide-components.jar;D:/vivado/Vivado/2015.2\lib\classes\jide-dashboard.jar;D:/vivado/Vivado/2015.2\lib\classes\jide-data.jar;D:/vivado/Vivado/2015.2\lib\classes\jide-dialogs.jar;D:/vivado/Vivado/2015.2\lib\classes\jide-diff.jar;D:/vivado/Vivado/2015.2\lib\classes\jide-dock.jar;D:/vivado/Vivado/2015.2\lib\classes\jide-editor.jar;D:/vivado/Vivado/2015.2\lib\classes\jide-gantt.jar;D:/vivado/Vivado/2015.2\lib\classes\jide-grids.jar;D:/vivado/Vivado/2015.2\lib\classes\jide-pivot.jar;D:/vivad
Launcher Type: generic

Environment Variables:
JAVA_HOME=C:\Program Files\Java\jdk1.8.0_73
CLASSPATH=.;C:\Program Files\Java\jdk1.8.0_73lib;C:\Program Files\Java\jdk1.8.0_73lib\tools.jar
PATH=D:/vivado/Vivado/2015.2/bin;D:/vivado/Vivado/2015.2/lib/win64.o;D:/vivado/Vivado/2015.2/tps/win64/jre/bin/server;D:/vivado/Vivado/2015.2/tps/win64/jre/bin;D:/vivado/SDK/2015.2/bin;D:/vivado/Vivado/2015.2/ids_lite/ISE/bin/nt64;D:/vivado/Vivado/2015.2/ids_lite/ISE/lib/nt64;D:/vivado/Vivado_HLS/2015.2/bin;C:\ProgramFiles\Java\jdk1.8.0_73\bin;C:\ProgramFiles\Java\jre1.8.0_73\bin;C:\WINDOWS/system32;C:\WINDOWS;C:\WINDOWS/System32/Wbem";C:\WINDOWS\system32;C:\WINDOWS\System32\Wbem;C:\WINDOWS\System32\WindowsPowerShell\v1.0\
USERNAME=lenovo
OS=Windows_NT
PROCESSOR_IDENTIFIER=Intel64 Family 6 Model 58 Stepping 9, GenuineIntel



---------------  S Y S T E M  ---------------

OS: Windows 8 , 64 bit Build 9200 

CPU:total 2 (2 cores per cpu, 1 threads per core) family 6 model 58 stepping 9, cmov, cx8, fxsr, mmx, sse, sse2, sse3, ssse3, sse4.1, sse4.2, popcnt, clmul, erms, tsc, tscinvbit, tscinv

Memory: 4k page, physical 8287076k(5302992k free), swap 8811364k(5300292k free)

vm_info: Java HotSpot(TM) 64-Bit Server VM (25.25-b02) for windows-amd64 JRE (1.8.0_25-b18), built on Oct  7 2014 14:25:37 by "java_re" with MS VC++ 10.0 (VS2010)

time: Mon Jul 11 11:53:06 2016
elapsed time: 1240 seconds (0d 0h 20m 40s)

