Copyright 1986-2015 Xilinx, Inc. All Rights Reserved.
---------------------------------------------------------------------------------------------------------
| Tool Version     : Vivado v.2015.2 (win64) Build 1266856 Fri Jun 26 16:35:25 MDT 2015
| Date             : Sat Aug 13 12:41:50 2016
| Host             : lenovo1 running 64-bit major release  (build 9200)
| Command          : report_power -file state_power_routed.rpt -pb state_power_summary_routed.pb
| Design           : state
| Device           : xc7a15tcsg324-2L
| Design State     : Routed
| Grade            : extended
| Process          : typical
| Characterization : Production
---------------------------------------------------------------------------------------------------------

Power Report

Table of Contents
-----------------
1. Summary
1.1 On-Chip Components
1.2 Power Supply Summary
1.3 Confidence Level
2. Settings
2.1 Environment
2.2 Clock Constraints
3. Detailed Reports
3.1 By Hierarchy

1. Summary
----------

+--------------------------+-------+
| Total On-Chip Power (W)  | 0.193 |
| Dynamic (W)              | 0.121 |
| Device Static (W)        | 0.072 |
| Effective TJA (C/W)      | 4.8   |
| Max Ambient (C)          | 99.1  |
| Junction Temperature (C) | 25.9  |
| Confidence Level         | Low   |
| Setting File             | ---   |
| Simulation Activity File | ---   |
| Design Nets Matched      | NA    |
+--------------------------+-------+


1.1 On-Chip Components
----------------------

+----------------+-----------+----------+-----------+-----------------+
| On-Chip        | Power (W) | Used     | Available | Utilization (%) |
+----------------+-----------+----------+-----------+-----------------+
| Clocks         |     0.002 |        8 |       --- |             --- |
| Slice Logic    |     0.002 |     1664 |       --- |             --- |
|   LUT as Logic |     0.002 |      735 |     10400 |            7.07 |
|   CARRY4       |    <0.001 |      130 |      8150 |            1.60 |
|   Register     |    <0.001 |      550 |     20800 |            2.64 |
|   BUFG         |    <0.001 |        1 |        32 |            3.13 |
|   F7/F8 Muxes  |    <0.001 |        3 |     32600 |           <0.01 |
|   Others       |     0.000 |       46 |       --- |             --- |
| Signals        |     0.002 |     1412 |       --- |             --- |
| MMCM           |     0.113 |        2 |         5 |           40.00 |
| DSPs           |     0.003 |        6 |        45 |           13.33 |
| I/O            |    <0.001 |       32 |       210 |           15.24 |
| Static Power   |     0.072 |          |           |                 |
| Total          |     0.193 |          |           |                 |
+----------------+-----------+----------+-----------+-----------------+


1.2 Power Supply Summary
------------------------

+-----------+-------------+-----------+-------------+------------+
| Source    | Voltage (V) | Total (A) | Dynamic (A) | Static (A) |
+-----------+-------------+-----------+-------------+------------+
| Vccint    |       1.000 |     0.019 |       0.009 |      0.010 |
| Vccaux    |       1.800 |     0.075 |       0.062 |      0.013 |
| Vcco33    |       3.300 |     0.001 |       0.000 |      0.001 |
| Vcco25    |       2.500 |     0.000 |       0.000 |      0.000 |
| Vcco18    |       1.800 |     0.000 |       0.000 |      0.000 |
| Vcco15    |       1.500 |     0.000 |       0.000 |      0.000 |
| Vcco135   |       1.350 |     0.000 |       0.000 |      0.000 |
| Vcco12    |       1.200 |     0.000 |       0.000 |      0.000 |
| Vccaux_io |       1.800 |     0.000 |       0.000 |      0.000 |
| Vccbram   |       1.000 |     0.000 |       0.000 |      0.000 |
| MGTAVcc   |       1.000 |     0.000 |       0.000 |      0.000 |
| MGTAVtt   |       1.200 |     0.000 |       0.000 |      0.000 |
| Vccadc    |       1.800 |     0.020 |       0.000 |      0.020 |
+-----------+-------------+-----------+-------------+------------+


1.3 Confidence Level
--------------------

+-----------------------------+------------+--------------------------------------------------------+--------------------------------------------------------------------------------------------------------------------+
| User Input Data             | Confidence | Details                                                | Action                                                                                                             |
+-----------------------------+------------+--------------------------------------------------------+--------------------------------------------------------------------------------------------------------------------+
| Design implementation state | High       | Design is routed                                       |                                                                                                                    |
| Clock nodes activity        | Low        | User specified less than 75% of clocks                 | Provide missing clock activity with a constraint file, simulation results or by editing the "By Clock Domain" view |
| I/O nodes activity          | Low        | More than 75% of inputs are missing user specification | Provide missing input activity with simulation results or by editing the "By Resource Type -> I/Os" view           |
| Internal nodes activity     | Medium     | User specified less than 25% of internal nodes         | Provide missing internal nodes activity with simulation results or by editing the "By Resource Type" views         |
| Device models               | High       | Device models are Production                           |                                                                                                                    |
|                             |            |                                                        |                                                                                                                    |
| Overall confidence level    | Low        |                                                        |                                                                                                                    |
+-----------------------------+------------+--------------------------------------------------------+--------------------------------------------------------------------------------------------------------------------+


2. Settings
-----------

2.1 Environment
---------------

+-----------------------+--------------------------+
| Ambient Temp (C)      | 25.0                     |
| ThetaJA (C/W)         | 4.8                      |
| Airflow (LFM)         | 250                      |
| Heat Sink             | medium (Medium Profile)  |
| ThetaSA (C/W)         | 4.6                      |
| Board Selection       | medium (10"x10")         |
| # of Board Layers     | 12to15 (12 to 15 Layers) |
| Board Temperature (C) | 25.0                     |
+-----------------------+--------------------------+


2.2 Clock Constraints
---------------------

+----------------------+--------------------------------------------+-----------------+
| Clock                | Domain                                     | Constraint (ns) |
+----------------------+--------------------------------------------+-----------------+
| clk_out1_clk_wiz_0   | csb/instance_name/inst/clk_out1_clk_wiz_0  |            20.0 |
| clk_out1_clk_wiz_0_1 | blue/instance_name/inst/clk_out1_clk_wiz_0 |            20.0 |
| clkfbout_clk_wiz_0   | csb/instance_name/inst/clkfbout_clk_wiz_0  |            10.0 |
| clkfbout_clk_wiz_0_1 | blue/instance_name/inst/clkfbout_clk_wiz_0 |            10.0 |
+----------------------+--------------------------------------------+-----------------+


3. Detailed Reports
-------------------

3.1 By Hierarchy
----------------

+-------------------+-----------+
| Name              | Power (W) |
+-------------------+-----------+
| state             |     0.121 |
|   Forward         |     0.006 |
|     PWM1          |    <0.001 |
|     PWM2          |    <0.001 |
|     PWM3          |    <0.001 |
|     PWM4          |    <0.001 |
|     PWM5          |    <0.001 |
|     PWM6          |    <0.001 |
|   blue            |     0.057 |
|     instance_name |     0.057 |
|       inst        |     0.057 |
|     speed_rx      |    <0.001 |
|     speed_tx      |    <0.001 |
|     uart_rx       |    <0.001 |
|     uart_tx       |    <0.001 |
|   csb             |     0.058 |
|     i1            |    <0.001 |
|     i2            |    <0.001 |
|     instance_name |     0.057 |
|       inst        |     0.057 |
+-------------------+-----------+


